<?xml version="1.0" encoding="UTF-8"?>
<!-- Generated by org.testng.reporters.JUnitReportReporter -->
<testsuite hostname="DESKTOP-JOKRND9" failures="0" tests="2" name="com.test.sanity" time="64.950" errors="0" timestamp="2023-08-02T16:43:08 IST" skipped="0">
  <testcase classname="com.test.sanity" name="cartTest" time="32.599"/>
  <system-out/>
  <testcase classname="com.test.sanity" name="guestLoginTest" time="32.351"/>
  <system-out/>
</testsuite> <!-- com.test.sanity -->
