<?xml version="1.0" encoding="UTF-8"?>
<!-- Generated by org.testng.reporters.JUnitReportReporter -->
<testsuite hostname="DESKTOP-JOKRND9" failures="0" tests="1" name="com.test.BaseClass" time="9.021" errors="0" timestamp="2023-05-08T22:32:26 IST" skipped="0">
  <testcase classname="com.test.BaseClass" name="test01" time="9.021"/>
  <system-out/>
</testsuite> <!-- com.test.BaseClass -->
