<?xml version="1.0" encoding="UTF-8"?>
<!-- Generated by org.testng.reporters.JUnitReportReporter -->
<testsuite hostname="DESKTOP-JOKRND9" failures="0" tests="2" name="com.test.smoke" time="23.695" errors="0" timestamp="2023-05-24T11:00:01 IST" skipped="0">
  <testcase classname="com.test.smoke" name="HamburgerTest" time="9.311"/>
  <system-out/>
  <testcase classname="com.test.smoke" name="validpintest" time="14.384"/>
  <system-out/>
</testsuite> <!-- com.test.smoke -->
