<?xml version="1.0" encoding="UTF-8"?>
<!-- Generated by org.testng.reporters.JUnitReportReporter -->
<testsuite hostname="DESKTOP-JOKRND9" failures="0" tests="1" name="com.test.testClass" time="9.218" errors="0" timestamp="2023-10-27T17:59:48 IST" skipped="0">
  <testcase classname="com.test.testClass" name="testDataValidation" time="9.218"/>
  <system-out/>
</testsuite> <!-- com.test.testClass -->
