<?xml version="1.0" encoding="UTF-8"?>
<!-- Generated by org.testng.reporters.JUnitReportReporter -->
<testsuite hostname="DESKTOP-JOKRND9" failures="0" tests="2" name="com.test.mavtest" time="0.013" errors="0" timestamp="2023-05-19T10:42:22 IST" skipped="0">
  <testcase classname="com.test.mavtest" name="choosecountryTest" time="0.011"/>
  <system-out/>
  <testcase classname="com.test.mavtest" name="validpintest" time="0.002"/>
  <system-out/>
</testsuite> <!-- com.test.mavtest -->
