<?xml version="1.0" encoding="UTF-8"?>
<!-- Generated by org.testng.reporters.JUnitReportReporter -->
<testsuite hostname="DESKTOP-JOKRND9" failures="0" tests="1" name="com.test.RoughNote" time="7.426" errors="0" timestamp="2023-05-10T10:25:59 IST" skipped="0">
  <testcase classname="com.test.RoughNote" name="test" time="7.426"/>
  <system-out/>
</testsuite> <!-- com.test.RoughNote -->
