<?xml version="1.0" encoding="UTF-8"?>
<!-- Generated by org.testng.reporters.JUnitReportReporter -->
<testsuite hostname="DESKTOP-JOKRND9" failures="0" tests="2" name="com.test.smoke" time="16.823" errors="0" timestamp="2023-05-18T00:12:42 IST" skipped="0">
  <testcase classname="com.test.smoke" name="HamburgerTest" time="8.002"/>
  <system-out/>
  <testcase classname="com.test.smoke" name="validpintest" time="8.821"/>
  <system-out/>
</testsuite> <!-- com.test.smoke -->
