<?xml version="1.0" encoding="UTF-8"?>
<!-- Generated by org.testng.reporters.JUnitReportReporter -->
<testsuite hostname="DESKTOP-JOKRND9" failures="0" tests="2" name="com.test.sanity" time="27.170" errors="0" timestamp="2023-05-18T00:12:42 IST" skipped="0">
  <testcase classname="com.test.sanity" name="cartTest" time="12.662"/>
  <system-out/>
  <testcase classname="com.test.sanity" name="guestLoginTest" time="14.508"/>
  <system-out/>
</testsuite> <!-- com.test.sanity -->
